<?xml version="1.0" encoding="UTF-8"?>
<!-- Generated by org.testng.reporters.JUnitReportReporter -->
<testsuite hostname="USBLRCSILAWAT1" failures="0" tests="1" name="testClasses.ProductTest" time="2.901" errors="0" timestamp="2021-12-08T11:11:47 IST" skipped="0">
  <testcase classname="testClasses.ProductTest" name="getALlProducts1" time="2.901"/>
</testsuite> <!-- testClasses.ProductTest -->
