<?xml version="1.0" encoding="UTF-8"?>
<!-- Generated by org.testng.reporters.JUnitReportReporter -->
<testsuite hostname="USBLRCSILAWAT1" failures="0" tests="1" name="WebUI_Automation.Base" time="14.302" errors="0" timestamp="2021-12-13T15:12:03 IST" skipped="0">
  <testcase classname="WebUI_Automation.Base" name="setup" time="14.302"/>
  <system-out/>
</testsuite> <!-- WebUI_Automation.Base -->
