<?xml version="1.0" encoding="UTF-8"?>
<!-- Generated by org.testng.reporters.JUnitReportReporter -->
<testsuite hostname="USBLRCSILAWAT1" failures="0" tests="5" name="apiAutomation.testClasses.ProductTest" time="5.985" errors="0" timestamp="2021-12-13T15:12:03 IST" skipped="0">
  <testcase classname="apiAutomation.testClasses.ProductTest" name="getProductByCategory" time="0.850"/>
  <system-out/>
  <testcase classname="apiAutomation.testClasses.ProductTest" name="getALlProducts" time="2.376"/>
  <system-out/>
  <testcase classname="apiAutomation.testClasses.ProductTest" name="getSingleProductById_1" time="0.802"/>
  <system-out/>
  <testcase classname="apiAutomation.testClasses.ProductTest" name="getProductByRating_rate" time="1.088"/>
  <system-out/>
  <testcase classname="apiAutomation.testClasses.ProductTest" name="getALlProducts1" time="0.869"/>
  <system-out/>
</testsuite> <!-- apiAutomation.testClasses.ProductTest -->
